<?xml version="1.0" encoding="UTF-8"?>
<!-- Generated by org.testng.reporters.JUnitXMLReporter -->
<testsuite hostname="IN-KAPIL-LT" ignored="0" name="Default test" tests="2" failures="0" timestamp="06 May 2020 11:52:27 GMT" time="25.084" errors="0">
  <testcase name="LoginToTheApplication" time="2.204" classname="com.demo.TestScripts.Verify_The_Registrartion_Page"/>
  <testcase name="BookAFlight" time="1.429" classname="com.demo.TestScripts.Verify_The_Registrartion_Page"/>
</testsuite> <!-- Default test -->
