<?xml version="1.0" encoding="UTF-8"?>
<!-- Generated by org.testng.reporters.JUnitXMLReporter -->
<testsuite hostname="IN-KAPIL-LT" ignored="0" name="Default test" tests="2" failures="0" timestamp="27 Apr 2020 11:24:49 GMT" time="0.042" errors="0">
  <testcase name="testmethod" time="0.013" classname="com.demo.TestScripts.Verify_The_Registrartion_Page"/>
  <testcase name="testmethod1" time="0.001" classname="com.demo.TestScripts.Verify_The_Registrartion_Page"/>
</testsuite> <!-- Default test -->
