<?xml version="1.0" encoding="UTF-8"?>
<testng-results skipped="0" failed="0" ignored="0" total="2" passed="2">
  <reporter-output>
  </reporter-output>
  <suite name="Suite" duration-ms="27418" started-at="2020-05-07T09:37:20Z" finished-at="2020-05-07T09:37:48Z">
    <groups>
    </groups>
    <test name="Test" duration-ms="27418" started-at="2020-05-07T09:37:20Z" finished-at="2020-05-07T09:37:48Z">
      <class name="com.demo.TestScripts.Verify_The_Registrartion_Page">
        <test-method status="PASS" signature="Setup()[pri:0, instance:com.demo.TestScripts.Verify_The_Registrartion_Page@45b9a632]" name="Setup" is-config="true" duration-ms="11132" started-at="2020-05-07T05:37:20Z" finished-at="2020-05-07T05:37:32Z">
          <reporter-output>
          </reporter-output>
        </test-method> <!-- Setup -->
        <test-method status="PASS" signature="beforeMethod(java.lang.reflect.Method)[pri:0, instance:com.demo.TestScripts.Verify_The_Registrartion_Page@45b9a632]" name="beforeMethod" is-config="true" duration-ms="5" started-at="2020-05-07T05:37:32Z" finished-at="2020-05-07T05:37:32Z">
          <params>
            <param index="0">
              <value>
                <![CDATA[public void com.demo.TestScripts.Verify_The_Registrartion_Page.LoginToTheApplication()]]>
              </value>
            </param>
          </params>
          <reporter-output>
          </reporter-output>
        </test-method> <!-- beforeMethod -->
        <test-method status="PASS" signature="LoginToTheApplication()[pri:1, instance:com.demo.TestScripts.Verify_The_Registrartion_Page@45b9a632]" name="LoginToTheApplication" duration-ms="1892" started-at="2020-05-07T05:37:32Z" finished-at="2020-05-07T05:37:34Z">
          <reporter-output>
          </reporter-output>
        </test-method> <!-- LoginToTheApplication -->
        <test-method status="PASS" signature="afterMethod(org.testng.ITestResult)[pri:0, instance:com.demo.TestScripts.Verify_The_Registrartion_Page@45b9a632]" name="afterMethod" is-config="true" duration-ms="751" started-at="2020-05-07T05:37:34Z" finished-at="2020-05-07T05:37:34Z">
          <params>
            <param index="0">
              <value>
                <![CDATA[[TestResult name=LoginToTheApplication status=SUCCESS method=Verify_The_Registrartion_Page.LoginToTheApplication()[pri:1, instance:com.demo.TestScripts.Verify_The_Registrartion_Page@45b9a632] output={null}]]]>
              </value>
            </param>
          </params>
          <reporter-output>
          </reporter-output>
        </test-method> <!-- afterMethod -->
        <test-method status="PASS" signature="Setup()[pri:0, instance:com.demo.TestScripts.Verify_The_Registrartion_Page@45b9a632]" name="Setup" is-config="true" duration-ms="11258" started-at="2020-05-07T05:37:34Z" finished-at="2020-05-07T05:37:46Z">
          <reporter-output>
          </reporter-output>
        </test-method> <!-- Setup -->
        <test-method status="PASS" signature="beforeMethod(java.lang.reflect.Method)[pri:0, instance:com.demo.TestScripts.Verify_The_Registrartion_Page@45b9a632]" name="beforeMethod" is-config="true" duration-ms="1" started-at="2020-05-07T05:37:46Z" finished-at="2020-05-07T05:37:46Z">
          <params>
            <param index="0">
              <value>
                <![CDATA[public void com.demo.TestScripts.Verify_The_Registrartion_Page.BookAFlight()]]>
              </value>
            </param>
          </params>
          <reporter-output>
          </reporter-output>
        </test-method> <!-- beforeMethod -->
        <test-method status="PASS" signature="BookAFlight()[pri:2, instance:com.demo.TestScripts.Verify_The_Registrartion_Page@45b9a632]" name="BookAFlight" duration-ms="1431" started-at="2020-05-07T05:37:46Z" finished-at="2020-05-07T05:37:47Z">
          <reporter-output>
          </reporter-output>
        </test-method> <!-- BookAFlight -->
        <test-method status="PASS" signature="afterMethod(org.testng.ITestResult)[pri:0, instance:com.demo.TestScripts.Verify_The_Registrartion_Page@45b9a632]" name="afterMethod" is-config="true" duration-ms="677" started-at="2020-05-07T05:37:47Z" finished-at="2020-05-07T05:37:48Z">
          <params>
            <param index="0">
              <value>
                <![CDATA[[TestResult name=BookAFlight status=SUCCESS method=Verify_The_Registrartion_Page.BookAFlight()[pri:2, instance:com.demo.TestScripts.Verify_The_Registrartion_Page@45b9a632] output={null}]]]>
              </value>
            </param>
          </params>
          <reporter-output>
          </reporter-output>
        </test-method> <!-- afterMethod -->
        <test-method status="PASS" signature="endTest()[pri:0, instance:com.demo.TestScripts.Verify_The_Registrartion_Page@45b9a632]" name="endTest" is-config="true" duration-ms="247" started-at="2020-05-07T05:37:48Z" finished-at="2020-05-07T05:37:48Z">
          <reporter-output>
          </reporter-output>
        </test-method> <!-- endTest -->
      </class> <!-- com.demo.TestScripts.Verify_The_Registrartion_Page -->
    </test> <!-- Test -->
  </suite> <!-- Suite -->
</testng-results>
