<?xml version="1.0" encoding="UTF-8"?>
<testng-results skipped="0" failed="0" ignored="0" total="2" passed="2">
  <reporter-output>
  </reporter-output>
  <suite name="Default suite" duration-ms="42" started-at="2020-04-27T11:24:49Z" finished-at="2020-04-27T11:24:49Z">
    <groups>
    </groups>
    <test name="Default test" duration-ms="42" started-at="2020-04-27T11:24:49Z" finished-at="2020-04-27T11:24:49Z">
      <class name="com.demo.TestScripts.Verify_The_Registrartion_Page">
        <test-method status="PASS" signature="testmethod()[pri:0, instance:com.demo.TestScripts.Verify_The_Registrartion_Page@14a2f921]" name="testmethod" duration-ms="13" started-at="2020-04-27T07:24:49Z" finished-at="2020-04-27T07:24:49Z">
          <reporter-output>
          </reporter-output>
        </test-method> <!-- testmethod -->
        <test-method status="PASS" signature="testmethod1()[pri:0, instance:com.demo.TestScripts.Verify_The_Registrartion_Page@14a2f921]" name="testmethod1" duration-ms="1" started-at="2020-04-27T07:24:49Z" finished-at="2020-04-27T07:24:49Z">
          <reporter-output>
          </reporter-output>
        </test-method> <!-- testmethod1 -->
      </class> <!-- com.demo.TestScripts.Verify_The_Registrartion_Page -->
    </test> <!-- Default test -->
  </suite> <!-- Default suite -->
</testng-results>
